<?xml version="1.0" encoding="UTF-8"?>
<testng-results skipped="0" failed="0" ignored="0" total="1" passed="1">
  <reporter-output>
  </reporter-output>
  <suite name="TestCases" duration-ms="63955" started-at="2019-09-03T11:32:02Z" finished-at="2019-09-03T11:33:06Z">
    <groups>
    </groups>
    <test name="Telecomopr" duration-ms="63955" started-at="2019-09-03T11:32:02Z" finished-at="2019-09-03T11:33:06Z">
      <class name="TestCases.Telecomopr">
        <test-method status="PASS" signature="openbrowser(java.lang.reflect.Method)[pri:0, instance:TestCases.Telecomopr@516be40f]" name="openbrowser" is-config="true" duration-ms="13956" started-at="2019-09-03T11:32:02Z" finished-at="2019-09-03T11:32:16Z">
          <params>
            <param index="0">
              <value>
                <![CDATA[public void TestCases.Telecomopr.telecomoperations() throws java.lang.Exception]]>
              </value>
            </param>
          </params>
          <reporter-output>
          </reporter-output>
        </test-method> <!-- openbrowser -->
        <test-method status="PASS" signature="telecomoperations()[pri:0, instance:TestCases.Telecomopr@516be40f]" name="telecomoperations" duration-ms="44432" started-at="2019-09-03T11:32:16Z" finished-at="2019-09-03T11:33:01Z">
          <reporter-output>
          </reporter-output>
        </test-method> <!-- telecomoperations -->
        <test-method status="PASS" signature="browserclose()[pri:0, instance:TestCases.Telecomopr@516be40f]" name="browserclose" is-config="true" duration-ms="5548" started-at="2019-09-03T11:33:01Z" finished-at="2019-09-03T11:33:06Z">
          <reporter-output>
          </reporter-output>
        </test-method> <!-- browserclose -->
      </class> <!-- TestCases.Telecomopr -->
    </test> <!-- Telecomopr -->
  </suite> <!-- TestCases -->
</testng-results>
